Analysis & Synthesis report for centro_recebimento_graos
Fri Oct 30 17:22:48 2020
Quartus II 64-Bit Version 13.0.1 Build 232 06/12/2013 Service Pack 1 SJ Web Edition


---------------------
; Table of Contents ;
---------------------
  1. Legal Notice
  2. Analysis & Synthesis Summary
  3. Analysis & Synthesis Settings
  4. Parallel Compilation
  5. Analysis & Synthesis Source Files Read
  6. Analysis & Synthesis Resource Usage Summary
  7. Analysis & Synthesis Resource Utilization by Entity
  8. State Machine - |centro_recebimento_graos|estado_atual
  9. User-Specified and Inferred Latches
 10. General Register Statistics
 11. Parameter Settings for Inferred Entity Instance: lpm_mult:Mult0
 12. lpm_mult Parameter Settings by Entity Instance
 13. Elapsed Time Per Partition
 14. Analysis & Synthesis Messages



----------------
; Legal Notice ;
----------------
Copyright (C) 1991-2013 Altera Corporation
Your use of Altera Corporation's design tools, logic functions 
and other software and tools, and its AMPP partner logic 
functions, and any output files from any of the foregoing 
(including device programming or simulation files), and any 
associated documentation or information are expressly subject 
to the terms and conditions of the Altera Program License 
Subscription Agreement, Altera MegaCore Function License 
Agreement, or other applicable license agreement, including, 
without limitation, that your use is for the sole purpose of 
programming logic devices manufactured by Altera and sold by 
Altera or its authorized distributors.  Please refer to the 
applicable agreement for further details.



+--------------------------------------------------------------------------------------+
; Analysis & Synthesis Summary                                                         ;
+------------------------------------+-------------------------------------------------+
; Analysis & Synthesis Status        ; Successful - Fri Oct 30 17:22:48 2020           ;
; Quartus II 64-Bit Version          ; 13.0.1 Build 232 06/12/2013 SP 1 SJ Web Edition ;
; Revision Name                      ; centro_recebimento_graos                        ;
; Top-level Entity Name              ; centro_recebimento_graos                        ;
; Family                             ; Cyclone II                                      ;
; Total logic elements               ; 296                                             ;
;     Total combinational functions  ; 295                                             ;
;     Dedicated logic registers      ; 17                                              ;
; Total registers                    ; 17                                              ;
; Total pins                         ; 138                                             ;
; Total virtual pins                 ; 0                                               ;
; Total memory bits                  ; 0                                               ;
; Embedded Multiplier 9-bit elements ; 0                                               ;
; Total PLLs                         ; 0                                               ;
+------------------------------------+-------------------------------------------------+


+----------------------------------------------------------------------------------------------------------------------------------+
; Analysis & Synthesis Settings                                                                                                    ;
+----------------------------------------------------------------------------+--------------------------+--------------------------+
; Option                                                                     ; Setting                  ; Default Value            ;
+----------------------------------------------------------------------------+--------------------------+--------------------------+
; Device                                                                     ; EP2C35F672C6             ;                          ;
; Top-level entity name                                                      ; centro_recebimento_graos ; centro_recebimento_graos ;
; Family name                                                                ; Cyclone II               ; Cyclone IV GX            ;
; Use smart compilation                                                      ; Off                      ; Off                      ;
; Enable parallel Assembler and TimeQuest Timing Analyzer during compilation ; On                       ; On                       ;
; Enable compact report table                                                ; Off                      ; Off                      ;
; Restructure Multiplexers                                                   ; Auto                     ; Auto                     ;
; Create Debugging Nodes for IP Cores                                        ; Off                      ; Off                      ;
; Preserve fewer node names                                                  ; On                       ; On                       ;
; Disable OpenCore Plus hardware evaluation                                  ; Off                      ; Off                      ;
; Verilog Version                                                            ; Verilog_2001             ; Verilog_2001             ;
; VHDL Version                                                               ; VHDL_1993                ; VHDL_1993                ;
; State Machine Processing                                                   ; Auto                     ; Auto                     ;
; Safe State Machine                                                         ; Off                      ; Off                      ;
; Extract Verilog State Machines                                             ; On                       ; On                       ;
; Extract VHDL State Machines                                                ; On                       ; On                       ;
; Ignore Verilog initial constructs                                          ; Off                      ; Off                      ;
; Iteration limit for constant Verilog loops                                 ; 5000                     ; 5000                     ;
; Iteration limit for non-constant Verilog loops                             ; 250                      ; 250                      ;
; Add Pass-Through Logic to Inferred RAMs                                    ; On                       ; On                       ;
; Infer RAMs from Raw Logic                                                  ; On                       ; On                       ;
; Parallel Synthesis                                                         ; On                       ; On                       ;
; DSP Block Balancing                                                        ; Auto                     ; Auto                     ;
; NOT Gate Push-Back                                                         ; On                       ; On                       ;
; Power-Up Don't Care                                                        ; On                       ; On                       ;
; Remove Redundant Logic Cells                                               ; Off                      ; Off                      ;
; Remove Duplicate Registers                                                 ; On                       ; On                       ;
; Ignore CARRY Buffers                                                       ; Off                      ; Off                      ;
; Ignore CASCADE Buffers                                                     ; Off                      ; Off                      ;
; Ignore GLOBAL Buffers                                                      ; Off                      ; Off                      ;
; Ignore ROW GLOBAL Buffers                                                  ; Off                      ; Off                      ;
; Ignore LCELL Buffers                                                       ; Off                      ; Off                      ;
; Ignore SOFT Buffers                                                        ; On                       ; On                       ;
; Limit AHDL Integers to 32 Bits                                             ; Off                      ; Off                      ;
; Optimization Technique                                                     ; Balanced                 ; Balanced                 ;
; Carry Chain Length                                                         ; 70                       ; 70                       ;
; Auto Carry Chains                                                          ; On                       ; On                       ;
; Auto Open-Drain Pins                                                       ; On                       ; On                       ;
; Perform WYSIWYG Primitive Resynthesis                                      ; Off                      ; Off                      ;
; Auto ROM Replacement                                                       ; On                       ; On                       ;
; Auto RAM Replacement                                                       ; On                       ; On                       ;
; Auto Shift Register Replacement                                            ; Auto                     ; Auto                     ;
; Allow Shift Register Merging across Hierarchies                            ; Auto                     ; Auto                     ;
; Auto Clock Enable Replacement                                              ; On                       ; On                       ;
; Strict RAM Replacement                                                     ; Off                      ; Off                      ;
; Allow Synchronous Control Signals                                          ; On                       ; On                       ;
; Force Use of Synchronous Clear Signals                                     ; Off                      ; Off                      ;
; Auto RAM to Logic Cell Conversion                                          ; Off                      ; Off                      ;
; Auto Resource Sharing                                                      ; Off                      ; Off                      ;
; Allow Any RAM Size For Recognition                                         ; Off                      ; Off                      ;
; Allow Any ROM Size For Recognition                                         ; Off                      ; Off                      ;
; Allow Any Shift Register Size For Recognition                              ; Off                      ; Off                      ;
; Use LogicLock Constraints during Resource Balancing                        ; On                       ; On                       ;
; Ignore translate_off and synthesis_off directives                          ; Off                      ; Off                      ;
; Timing-Driven Synthesis                                                    ; Off                      ; Off                      ;
; Report Parameter Settings                                                  ; On                       ; On                       ;
; Report Source Assignments                                                  ; On                       ; On                       ;
; Report Connectivity Checks                                                 ; On                       ; On                       ;
; Ignore Maximum Fan-Out Assignments                                         ; Off                      ; Off                      ;
; Synchronization Register Chain Length                                      ; 2                        ; 2                        ;
; PowerPlay Power Optimization                                               ; Normal compilation       ; Normal compilation       ;
; HDL message level                                                          ; Level2                   ; Level2                   ;
; Suppress Register Optimization Related Messages                            ; Off                      ; Off                      ;
; Number of Removed Registers Reported in Synthesis Report                   ; 5000                     ; 5000                     ;
; Number of Swept Nodes Reported in Synthesis Report                         ; 5000                     ; 5000                     ;
; Number of Inverted Registers Reported in Synthesis Report                  ; 100                      ; 100                      ;
; Clock MUX Protection                                                       ; On                       ; On                       ;
; Auto Gated Clock Conversion                                                ; Off                      ; Off                      ;
; Block Design Naming                                                        ; Auto                     ; Auto                     ;
; SDC constraint protection                                                  ; Off                      ; Off                      ;
; Synthesis Effort                                                           ; Auto                     ; Auto                     ;
; Shift Register Replacement - Allow Asynchronous Clear Signal               ; On                       ; On                       ;
; Pre-Mapping Resynthesis Optimization                                       ; Off                      ; Off                      ;
; Analysis & Synthesis Message Level                                         ; Medium                   ; Medium                   ;
; Disable Register Merging Across Hierarchies                                ; Auto                     ; Auto                     ;
; Resource Aware Inference For Block RAM                                     ; On                       ; On                       ;
; Synthesis Seed                                                             ; 1                        ; 1                        ;
+----------------------------------------------------------------------------+--------------------------+--------------------------+


Parallel compilation was disabled, but you have multiple processors available. Enable parallel compilation to reduce compilation time.
+-------------------------------------+
; Parallel Compilation                ;
+----------------------------+--------+
; Processors                 ; Number ;
+----------------------------+--------+
; Number detected on machine ; 4      ;
; Maximum allowed            ; 1      ;
+----------------------------+--------+


+-------------------------------------------------------------------------------------------------------------------------------------------------------------------------+
; Analysis & Synthesis Source Files Read                                                                                                                                  ;
+----------------------------------+-----------------+------------------------------+---------------------------------------------------------------------------+---------+
; File Name with User-Entered Path ; Used in Netlist ; File Type                    ; File Name with Absolute Path                                              ; Library ;
+----------------------------------+-----------------+------------------------------+---------------------------------------------------------------------------+---------+
; centro_recebimento_graos.vhd     ; yes             ; User VHDL File               ; C:/altera/13.0sp1/projeto pronto/centro_recebimento_graos.vhd             ;         ;
; lpm_mult.tdf                     ; yes             ; Megafunction                 ; c:/altera/13.0sp1/quartus/libraries/megafunctions/lpm_mult.tdf            ;         ;
; aglobal130.inc                   ; yes             ; Megafunction                 ; c:/altera/13.0sp1/quartus/libraries/megafunctions/aglobal130.inc          ;         ;
; lpm_add_sub.inc                  ; yes             ; Megafunction                 ; c:/altera/13.0sp1/quartus/libraries/megafunctions/lpm_add_sub.inc         ;         ;
; multcore.inc                     ; yes             ; Megafunction                 ; c:/altera/13.0sp1/quartus/libraries/megafunctions/multcore.inc            ;         ;
; bypassff.inc                     ; yes             ; Megafunction                 ; c:/altera/13.0sp1/quartus/libraries/megafunctions/bypassff.inc            ;         ;
; altshift.inc                     ; yes             ; Megafunction                 ; c:/altera/13.0sp1/quartus/libraries/megafunctions/altshift.inc            ;         ;
; multcore.tdf                     ; yes             ; Megafunction                 ; c:/altera/13.0sp1/quartus/libraries/megafunctions/multcore.tdf            ;         ;
; csa_add.inc                      ; yes             ; Megafunction                 ; c:/altera/13.0sp1/quartus/libraries/megafunctions/csa_add.inc             ;         ;
; mpar_add.inc                     ; yes             ; Megafunction                 ; c:/altera/13.0sp1/quartus/libraries/megafunctions/mpar_add.inc            ;         ;
; muleabz.inc                      ; yes             ; Megafunction                 ; c:/altera/13.0sp1/quartus/libraries/megafunctions/muleabz.inc             ;         ;
; mul_lfrg.inc                     ; yes             ; Megafunction                 ; c:/altera/13.0sp1/quartus/libraries/megafunctions/mul_lfrg.inc            ;         ;
; mul_boothc.inc                   ; yes             ; Megafunction                 ; c:/altera/13.0sp1/quartus/libraries/megafunctions/mul_boothc.inc          ;         ;
; alt_ded_mult.inc                 ; yes             ; Megafunction                 ; c:/altera/13.0sp1/quartus/libraries/megafunctions/alt_ded_mult.inc        ;         ;
; alt_ded_mult_y.inc               ; yes             ; Megafunction                 ; c:/altera/13.0sp1/quartus/libraries/megafunctions/alt_ded_mult_y.inc      ;         ;
; dffpipe.inc                      ; yes             ; Megafunction                 ; c:/altera/13.0sp1/quartus/libraries/megafunctions/dffpipe.inc             ;         ;
; mpar_add.tdf                     ; yes             ; Megafunction                 ; c:/altera/13.0sp1/quartus/libraries/megafunctions/mpar_add.tdf            ;         ;
; lpm_add_sub.tdf                  ; yes             ; Megafunction                 ; c:/altera/13.0sp1/quartus/libraries/megafunctions/lpm_add_sub.tdf         ;         ;
; addcore.inc                      ; yes             ; Megafunction                 ; c:/altera/13.0sp1/quartus/libraries/megafunctions/addcore.inc             ;         ;
; look_add.inc                     ; yes             ; Megafunction                 ; c:/altera/13.0sp1/quartus/libraries/megafunctions/look_add.inc            ;         ;
; alt_stratix_add_sub.inc          ; yes             ; Megafunction                 ; c:/altera/13.0sp1/quartus/libraries/megafunctions/alt_stratix_add_sub.inc ;         ;
; db/add_sub_f8h.tdf               ; yes             ; Auto-Generated Megafunction  ; C:/altera/13.0sp1/projeto pronto/db/add_sub_f8h.tdf                       ;         ;
; db/add_sub_g8h.tdf               ; yes             ; Auto-Generated Megafunction  ; C:/altera/13.0sp1/projeto pronto/db/add_sub_g8h.tdf                       ;         ;
; altshift.tdf                     ; yes             ; Megafunction                 ; c:/altera/13.0sp1/quartus/libraries/megafunctions/altshift.tdf            ;         ;
+----------------------------------+-----------------+------------------------------+---------------------------------------------------------------------------+---------+


+--------------------------------------------------------------------------+
; Analysis & Synthesis Resource Usage Summary                              ;
+---------------------------------------------+----------------------------+
; Resource                                    ; Usage                      ;
+---------------------------------------------+----------------------------+
; Estimated Total logic elements              ; 296                        ;
;                                             ;                            ;
; Total combinational functions               ; 295                        ;
; Logic element usage by number of LUT inputs ;                            ;
;     -- 4 input functions                    ; 9                          ;
;     -- 3 input functions                    ; 124                        ;
;     -- <=2 input functions                  ; 162                        ;
;                                             ;                            ;
; Logic elements by mode                      ;                            ;
;     -- normal mode                          ; 209                        ;
;     -- arithmetic mode                      ; 86                         ;
;                                             ;                            ;
; Total registers                             ; 17                         ;
;     -- Dedicated logic registers            ; 17                         ;
;     -- I/O registers                        ; 0                          ;
;                                             ;                            ;
; I/O pins                                    ; 138                        ;
; Embedded Multiplier 9-bit elements          ; 0                          ;
; Maximum fan-out node                        ; estado_atual.PESAGEM_FINAL ;
; Maximum fan-out                             ; 62                         ;
; Total fan-out                               ; 851                        ;
; Average fan-out                             ; 1.89                       ;
+---------------------------------------------+----------------------------+


+------------------------------------------------------------------------------------------------------------------------------------------------------------------------------------------------------------------------------------------------------------------------------------------------------------------------------+
; Analysis & Synthesis Resource Utilization by Entity                                                                                                                                                                                                                                                                          ;
+------------------------------------------------+-------------------+--------------+-------------+--------------+---------+-----------+------+--------------+--------------------------------------------------------------------------------------------------------------------------------------------------+--------------+
; Compilation Hierarchy Node                     ; LC Combinationals ; LC Registers ; Memory Bits ; DSP Elements ; DSP 9x9 ; DSP 18x18 ; Pins ; Virtual Pins ; Full Hierarchy Name                                                                                                                              ; Library Name ;
+------------------------------------------------+-------------------+--------------+-------------+--------------+---------+-----------+------+--------------+--------------------------------------------------------------------------------------------------------------------------------------------------+--------------+
; |centro_recebimento_graos                      ; 295 (118)         ; 17 (17)      ; 0           ; 0            ; 0       ; 0         ; 138  ; 0            ; |centro_recebimento_graos                                                                                                                        ; work         ;
;    |lpm_mult:Mult0|                            ; 177 (0)           ; 0 (0)        ; 0           ; 0            ; 0       ; 0         ; 0    ; 0            ; |centro_recebimento_graos|lpm_mult:Mult0                                                                                                         ; work         ;
;       |multcore:mult_core|                     ; 177 (87)          ; 0 (0)        ; 0           ; 0            ; 0       ; 0         ; 0    ; 0            ; |centro_recebimento_graos|lpm_mult:Mult0|multcore:mult_core                                                                                      ; work         ;
;          |mpar_add:padder|                     ; 90 (0)            ; 0 (0)        ; 0           ; 0            ; 0       ; 0         ; 0    ; 0            ; |centro_recebimento_graos|lpm_mult:Mult0|multcore:mult_core|mpar_add:padder                                                                      ; work         ;
;             |lpm_add_sub:adder[0]|             ; 30 (0)            ; 0 (0)        ; 0           ; 0            ; 0       ; 0         ; 0    ; 0            ; |centro_recebimento_graos|lpm_mult:Mult0|multcore:mult_core|mpar_add:padder|lpm_add_sub:adder[0]                                                 ; work         ;
;                |add_sub_f8h:auto_generated|    ; 30 (30)           ; 0 (0)        ; 0           ; 0            ; 0       ; 0         ; 0    ; 0            ; |centro_recebimento_graos|lpm_mult:Mult0|multcore:mult_core|mpar_add:padder|lpm_add_sub:adder[0]|add_sub_f8h:auto_generated                      ; work         ;
;             |mpar_add:sub_par_add|             ; 60 (0)            ; 0 (0)        ; 0           ; 0            ; 0       ; 0         ; 0    ; 0            ; |centro_recebimento_graos|lpm_mult:Mult0|multcore:mult_core|mpar_add:padder|mpar_add:sub_par_add                                                 ; work         ;
;                |lpm_add_sub:adder[0]|          ; 60 (0)            ; 0 (0)        ; 0           ; 0            ; 0       ; 0         ; 0    ; 0            ; |centro_recebimento_graos|lpm_mult:Mult0|multcore:mult_core|mpar_add:padder|mpar_add:sub_par_add|lpm_add_sub:adder[0]                            ; work         ;
;                   |add_sub_g8h:auto_generated| ; 60 (60)           ; 0 (0)        ; 0           ; 0            ; 0       ; 0         ; 0    ; 0            ; |centro_recebimento_graos|lpm_mult:Mult0|multcore:mult_core|mpar_add:padder|mpar_add:sub_par_add|lpm_add_sub:adder[0]|add_sub_g8h:auto_generated ; work         ;
+------------------------------------------------+-------------------+--------------+-------------+--------------+---------+-----------+------+--------------+--------------------------------------------------------------------------------------------------------------------------------------------------+--------------+
Note: For table entries with two numbers listed, the numbers in parentheses indicate the number of resources of the given type used by the specific entity alone. The numbers listed outside of parentheses indicate the total resources of the given type used by the specific entity and all of its sub-entities in the hierarchy.


Encoding Type:  One-Hot
+------------------------------------------------------------------------------------------------------------------------------------------------------------------------------------------------------------------------------------------------------------------------------------------------------------------------------------------------------------------------------------------------------------------------------------------------------------------------------------------------------------------------------------------------------+
; State Machine - |centro_recebimento_graos|estado_atual                                                                                                                                                                                                                                                                                                                                                                                                                                                                                               ;
+-----------------------------------+----------------------------+-----------------------------------+------------------------------+--------------------------------+--------------------------------+---------------------------------+-----------------------------+-------------------------------+-------------------------------+--------------------------------+----------------------------+------------------------------+------------------------------+-------------------------------+------------------------------+---------------------+
; Name                              ; estado_atual.PESAGEM_FINAL ; estado_atual.ESPERA_PESAGEM_FINAL ; estado_atual.SAI_SILO_FEIJAO ; estado_atual.DESCARREGA_FEIJAO ; estado_atual.ENTRA_SILO_FEIJAO ; estado_atual.ESPERA_VAGA_FEIJAO ; estado_atual.SAI_SILO_ARROZ ; estado_atual.DESCARREGA_ARROZ ; estado_atual.ENTRA_SILO_ARROZ ; estado_atual.ESPERA_VAGA_ARROZ ; estado_atual.SAI_SILO_SOJA ; estado_atual.DESCARREGA_SOJA ; estado_atual.ENTRA_SILO_SOJA ; estado_atual.ESPERA_VAGA_SOJA ; estado_atual.PESAGEM_INICIAL ; estado_atual.INICIO ;
+-----------------------------------+----------------------------+-----------------------------------+------------------------------+--------------------------------+--------------------------------+---------------------------------+-----------------------------+-------------------------------+-------------------------------+--------------------------------+----------------------------+------------------------------+------------------------------+-------------------------------+------------------------------+---------------------+
; estado_atual.INICIO               ; 0                          ; 0                                 ; 0                            ; 0                              ; 0                              ; 0                               ; 0                           ; 0                             ; 0                             ; 0                              ; 0                          ; 0                            ; 0                            ; 0                             ; 0                            ; 0                   ;
; estado_atual.PESAGEM_INICIAL      ; 0                          ; 0                                 ; 0                            ; 0                              ; 0                              ; 0                               ; 0                           ; 0                             ; 0                             ; 0                              ; 0                          ; 0                            ; 0                            ; 0                             ; 1                            ; 1                   ;
; estado_atual.ESPERA_VAGA_SOJA     ; 0                          ; 0                                 ; 0                            ; 0                              ; 0                              ; 0                               ; 0                           ; 0                             ; 0                             ; 0                              ; 0                          ; 0                            ; 0                            ; 1                             ; 0                            ; 1                   ;
; estado_atual.ENTRA_SILO_SOJA      ; 0                          ; 0                                 ; 0                            ; 0                              ; 0                              ; 0                               ; 0                           ; 0                             ; 0                             ; 0                              ; 0                          ; 0                            ; 1                            ; 0                             ; 0                            ; 1                   ;
; estado_atual.DESCARREGA_SOJA      ; 0                          ; 0                                 ; 0                            ; 0                              ; 0                              ; 0                               ; 0                           ; 0                             ; 0                             ; 0                              ; 0                          ; 1                            ; 0                            ; 0                             ; 0                            ; 1                   ;
; estado_atual.SAI_SILO_SOJA        ; 0                          ; 0                                 ; 0                            ; 0                              ; 0                              ; 0                               ; 0                           ; 0                             ; 0                             ; 0                              ; 1                          ; 0                            ; 0                            ; 0                             ; 0                            ; 1                   ;
; estado_atual.ESPERA_VAGA_ARROZ    ; 0                          ; 0                                 ; 0                            ; 0                              ; 0                              ; 0                               ; 0                           ; 0                             ; 0                             ; 1                              ; 0                          ; 0                            ; 0                            ; 0                             ; 0                            ; 1                   ;
; estado_atual.ENTRA_SILO_ARROZ     ; 0                          ; 0                                 ; 0                            ; 0                              ; 0                              ; 0                               ; 0                           ; 0                             ; 1                             ; 0                              ; 0                          ; 0                            ; 0                            ; 0                             ; 0                            ; 1                   ;
; estado_atual.DESCARREGA_ARROZ     ; 0                          ; 0                                 ; 0                            ; 0                              ; 0                              ; 0                               ; 0                           ; 1                             ; 0                             ; 0                              ; 0                          ; 0                            ; 0                            ; 0                             ; 0                            ; 1                   ;
; estado_atual.SAI_SILO_ARROZ       ; 0                          ; 0                                 ; 0                            ; 0                              ; 0                              ; 0                               ; 1                           ; 0                             ; 0                             ; 0                              ; 0                          ; 0                            ; 0                            ; 0                             ; 0                            ; 1                   ;
; estado_atual.ESPERA_VAGA_FEIJAO   ; 0                          ; 0                                 ; 0                            ; 0                              ; 0                              ; 1                               ; 0                           ; 0                             ; 0                             ; 0                              ; 0                          ; 0                            ; 0                            ; 0                             ; 0                            ; 1                   ;
; estado_atual.ENTRA_SILO_FEIJAO    ; 0                          ; 0                                 ; 0                            ; 0                              ; 1                              ; 0                               ; 0                           ; 0                             ; 0                             ; 0                              ; 0                          ; 0                            ; 0                            ; 0                             ; 0                            ; 1                   ;
; estado_atual.DESCARREGA_FEIJAO    ; 0                          ; 0                                 ; 0                            ; 1                              ; 0                              ; 0                               ; 0                           ; 0                             ; 0                             ; 0                              ; 0                          ; 0                            ; 0                            ; 0                             ; 0                            ; 1                   ;
; estado_atual.SAI_SILO_FEIJAO      ; 0                          ; 0                                 ; 1                            ; 0                              ; 0                              ; 0                               ; 0                           ; 0                             ; 0                             ; 0                              ; 0                          ; 0                            ; 0                            ; 0                             ; 0                            ; 1                   ;
; estado_atual.ESPERA_PESAGEM_FINAL ; 0                          ; 1                                 ; 0                            ; 0                              ; 0                              ; 0                               ; 0                           ; 0                             ; 0                             ; 0                              ; 0                          ; 0                            ; 0                            ; 0                             ; 0                            ; 1                   ;
; estado_atual.PESAGEM_FINAL        ; 1                          ; 0                                 ; 0                            ; 0                              ; 0                              ; 0                               ; 0                           ; 0                             ; 0                             ; 0                              ; 0                          ; 0                            ; 0                            ; 0                             ; 0                            ; 1                   ;
+-----------------------------------+----------------------------+-----------------------------------+------------------------------+--------------------------------+--------------------------------+---------------------------------+-----------------------------+-------------------------------+-------------------------------+--------------------------------+----------------------------+------------------------------+------------------------------+-------------------------------+------------------------------+---------------------+


+-------------------------------------------------------------------------------------------------------------+
; User-Specified and Inferred Latches                                                                         ;
+-----------------------------------------------------+------------------------------+------------------------+
; Latch Name                                          ; Latch Enable Signal          ; Free of Timing Hazards ;
+-----------------------------------------------------+------------------------------+------------------------+
; guarda_PESO_BRUTO[0]                                ; estado_atual.PESAGEM_INICIAL ; yes                    ;
; guarda_PESO_BRUTO[1]                                ; estado_atual.PESAGEM_INICIAL ; yes                    ;
; guarda_PESO_BRUTO[2]                                ; estado_atual.PESAGEM_INICIAL ; yes                    ;
; guarda_PESO_BRUTO[3]                                ; estado_atual.PESAGEM_INICIAL ; yes                    ;
; guarda_PESO_BRUTO[4]                                ; estado_atual.PESAGEM_INICIAL ; yes                    ;
; guarda_PESO_BRUTO[5]                                ; estado_atual.PESAGEM_INICIAL ; yes                    ;
; guarda_PESO_BRUTO[6]                                ; estado_atual.PESAGEM_INICIAL ; yes                    ;
; guarda_PESO_BRUTO[7]                                ; estado_atual.PESAGEM_INICIAL ; yes                    ;
; guarda_PESO_BRUTO[8]                                ; estado_atual.PESAGEM_INICIAL ; yes                    ;
; guarda_PESO_BRUTO[9]                                ; estado_atual.PESAGEM_INICIAL ; yes                    ;
; guarda_PESO_BRUTO[10]                               ; estado_atual.PESAGEM_INICIAL ; yes                    ;
; guarda_PESO_BRUTO[11]                               ; estado_atual.PESAGEM_INICIAL ; yes                    ;
; guarda_PESO_BRUTO[12]                               ; estado_atual.PESAGEM_INICIAL ; yes                    ;
; guarda_PESO_BRUTO[13]                               ; estado_atual.PESAGEM_INICIAL ; yes                    ;
; guarda_PESO_BRUTO[14]                               ; estado_atual.PESAGEM_INICIAL ; yes                    ;
; guarda_PESO_BRUTO[15]                               ; estado_atual.PESAGEM_INICIAL ; yes                    ;
; guarda_PESO_BRUTO[16]                               ; estado_atual.PESAGEM_INICIAL ; yes                    ;
; guarda_PESO_BRUTO[17]                               ; estado_atual.PESAGEM_INICIAL ; yes                    ;
; guarda_PESO_BRUTO[18]                               ; estado_atual.PESAGEM_INICIAL ; yes                    ;
; guarda_PESO_BRUTO[19]                               ; estado_atual.PESAGEM_INICIAL ; yes                    ;
; guarda_PESO_BRUTO[20]                               ; estado_atual.PESAGEM_INICIAL ; yes                    ;
; guarda_PESO_BRUTO[21]                               ; estado_atual.PESAGEM_INICIAL ; yes                    ;
; guarda_PESO_BRUTO[22]                               ; estado_atual.PESAGEM_INICIAL ; yes                    ;
; guarda_PESO_BRUTO[23]                               ; estado_atual.PESAGEM_INICIAL ; yes                    ;
; guarda_PESO_BRUTO[24]                               ; estado_atual.PESAGEM_INICIAL ; yes                    ;
; guarda_PESO_BRUTO[25]                               ; estado_atual.PESAGEM_INICIAL ; yes                    ;
; guarda_PESO_BRUTO[26]                               ; estado_atual.PESAGEM_INICIAL ; yes                    ;
; guarda_PESO_BRUTO[27]                               ; estado_atual.PESAGEM_INICIAL ; yes                    ;
; guarda_PESO_BRUTO[28]                               ; estado_atual.PESAGEM_INICIAL ; yes                    ;
; VALOR_GRAO[0]                                       ; VALOR_GRAO[2]                ; yes                    ;
; VALOR_GRAO[1]                                       ; VALOR_GRAO[2]                ; yes                    ;
; VALOR_GRAO[2]                                       ; VALOR_GRAO[2]                ; yes                    ;
; Number of user-specified and inferred latches = 32  ;                              ;                        ;
+-----------------------------------------------------+------------------------------+------------------------+
Note: All latches listed above may not be present at the end of synthesis due to various synthesis optimizations.


+------------------------------------------------------+
; General Register Statistics                          ;
+----------------------------------------------+-------+
; Statistic                                    ; Value ;
+----------------------------------------------+-------+
; Total registers                              ; 17    ;
; Number of registers using Synchronous Clear  ; 0     ;
; Number of registers using Synchronous Load   ; 0     ;
; Number of registers using Asynchronous Clear ; 16    ;
; Number of registers using Asynchronous Load  ; 0     ;
; Number of registers using Clock Enable       ; 1     ;
; Number of registers using Preset             ; 0     ;
+----------------------------------------------+-------+


+-----------------------------------------------------------------------------------+
; Parameter Settings for Inferred Entity Instance: lpm_mult:Mult0                   ;
+------------------------------------------------+------------+---------------------+
; Parameter Name                                 ; Value      ; Type                ;
+------------------------------------------------+------------+---------------------+
; AUTO_CARRY_CHAINS                              ; ON         ; AUTO_CARRY          ;
; IGNORE_CARRY_BUFFERS                           ; OFF        ; IGNORE_CARRY        ;
; AUTO_CASCADE_CHAINS                            ; ON         ; AUTO_CASCADE        ;
; IGNORE_CASCADE_BUFFERS                         ; OFF        ; IGNORE_CASCADE      ;
; LPM_WIDTHA                                     ; 29         ; Untyped             ;
; LPM_WIDTHB                                     ; 3          ; Untyped             ;
; LPM_WIDTHP                                     ; 32         ; Untyped             ;
; LPM_WIDTHR                                     ; 32         ; Untyped             ;
; LPM_WIDTHS                                     ; 1          ; Untyped             ;
; LPM_REPRESENTATION                             ; UNSIGNED   ; Untyped             ;
; LPM_PIPELINE                                   ; 0          ; Untyped             ;
; LATENCY                                        ; 0          ; Untyped             ;
; INPUT_A_IS_CONSTANT                            ; NO         ; Untyped             ;
; INPUT_B_IS_CONSTANT                            ; NO         ; Untyped             ;
; USE_EAB                                        ; OFF        ; Untyped             ;
; MAXIMIZE_SPEED                                 ; 5          ; Untyped             ;
; DEVICE_FAMILY                                  ; Cyclone II ; Untyped             ;
; CARRY_CHAIN                                    ; MANUAL     ; Untyped             ;
; APEX20K_TECHNOLOGY_MAPPER                      ; LUT        ; TECH_MAPPER_APEX20K ;
; DEDICATED_MULTIPLIER_CIRCUITRY                 ; AUTO       ; Untyped             ;
; DEDICATED_MULTIPLIER_MIN_INPUT_WIDTH_FOR_AUTO  ; 0          ; Untyped             ;
; DEDICATED_MULTIPLIER_MIN_OUTPUT_WIDTH_FOR_AUTO ; 0          ; Untyped             ;
; CBXI_PARAMETER                                 ; NOTHING    ; Untyped             ;
; INPUT_A_FIXED_VALUE                            ; Bx         ; Untyped             ;
; INPUT_B_FIXED_VALUE                            ; Bx         ; Untyped             ;
; USE_AHDL_IMPLEMENTATION                        ; OFF        ; Untyped             ;
+------------------------------------------------+------------+---------------------+
Note: In order to hide this table in the UI and the text report file, please set the "Show Parameter Settings in Synthesis Report" option in "Analysis and Synthesis Settings -> More Settings" to "Off".


+--------------------------------------------------------+
; lpm_mult Parameter Settings by Entity Instance         ;
+---------------------------------------+----------------+
; Name                                  ; Value          ;
+---------------------------------------+----------------+
; Number of entity instances            ; 1              ;
; Entity Instance                       ; lpm_mult:Mult0 ;
;     -- LPM_WIDTHA                     ; 29             ;
;     -- LPM_WIDTHB                     ; 3              ;
;     -- LPM_WIDTHP                     ; 32             ;
;     -- LPM_REPRESENTATION             ; UNSIGNED       ;
;     -- INPUT_A_IS_CONSTANT            ; NO             ;
;     -- INPUT_B_IS_CONSTANT            ; NO             ;
;     -- USE_EAB                        ; OFF            ;
;     -- DEDICATED_MULTIPLIER_CIRCUITRY ; AUTO           ;
;     -- INPUT_A_FIXED_VALUE            ; Bx             ;
;     -- INPUT_B_FIXED_VALUE            ; Bx             ;
+---------------------------------------+----------------+


+-------------------------------+
; Elapsed Time Per Partition    ;
+----------------+--------------+
; Partition Name ; Elapsed Time ;
+----------------+--------------+
; Top            ; 00:00:01     ;
+----------------+--------------+


+-------------------------------+
; Analysis & Synthesis Messages ;
+-------------------------------+
Info: *******************************************************************
Info: Running Quartus II 64-Bit Analysis & Synthesis
    Info: Version 13.0.1 Build 232 06/12/2013 Service Pack 1 SJ Web Edition
    Info: Processing started: Fri Oct 30 17:22:43 2020
Info: Command: quartus_map --read_settings_files=on --write_settings_files=off centro_recebimento_graos -c centro_recebimento_graos
Warning (20028): Parallel compilation is not licensed and has been disabled
Info (12021): Found 2 design units, including 1 entities, in source file centro_recebimento_graos.vhd
    Info (12022): Found design unit 1: centro_recebimento_graos-arch
    Info (12023): Found entity 1: centro_recebimento_graos
Info (12021): Found 2 design units, including 1 entities, in source file tb_centro_recebimento_graos.vhd
    Info (12022): Found design unit 1: tb_centro_recebimento_graos-teste
    Info (12023): Found entity 1: tb_centro_recebimento_graos
Info (12127): Elaborating entity "centro_recebimento_graos" for the top level hierarchy
Warning (10492): VHDL Process Statement warning at centro_recebimento_graos.vhd(72): signal "PESO_BRUTO" is read inside the Process Statement but isn't in the Process Statement's sensitivity list
Warning (10492): VHDL Process Statement warning at centro_recebimento_graos.vhd(73): signal "TIPO_GRAO" is read inside the Process Statement but isn't in the Process Statement's sensitivity list
Warning (10492): VHDL Process Statement warning at centro_recebimento_graos.vhd(76): signal "TIPO_GRAO" is read inside the Process Statement but isn't in the Process Statement's sensitivity list
Warning (10492): VHDL Process Statement warning at centro_recebimento_graos.vhd(79): signal "TIPO_GRAO" is read inside the Process Statement but isn't in the Process Statement's sensitivity list
Warning (10631): VHDL Process Statement warning at centro_recebimento_graos.vhd(62): inferring latch(es) for signal or variable "guarda_PESO_BRUTO", which holds its previous value in one or more paths through the process
Warning (10631): VHDL Process Statement warning at centro_recebimento_graos.vhd(62): inferring latch(es) for signal or variable "VALOR_GRAO", which holds its previous value in one or more paths through the process
Info (10041): Inferred latch for "VALOR_GRAO[0]" at centro_recebimento_graos.vhd(62)
Info (10041): Inferred latch for "VALOR_GRAO[1]" at centro_recebimento_graos.vhd(62)
Info (10041): Inferred latch for "VALOR_GRAO[2]" at centro_recebimento_graos.vhd(62)
Info (10041): Inferred latch for "guarda_PESO_BRUTO[0]" at centro_recebimento_graos.vhd(62)
Info (10041): Inferred latch for "guarda_PESO_BRUTO[1]" at centro_recebimento_graos.vhd(62)
Info (10041): Inferred latch for "guarda_PESO_BRUTO[2]" at centro_recebimento_graos.vhd(62)
Info (10041): Inferred latch for "guarda_PESO_BRUTO[3]" at centro_recebimento_graos.vhd(62)
Info (10041): Inferred latch for "guarda_PESO_BRUTO[4]" at centro_recebimento_graos.vhd(62)
Info (10041): Inferred latch for "guarda_PESO_BRUTO[5]" at centro_recebimento_graos.vhd(62)
Info (10041): Inferred latch for "guarda_PESO_BRUTO[6]" at centro_recebimento_graos.vhd(62)
Info (10041): Inferred latch for "guarda_PESO_BRUTO[7]" at centro_recebimento_graos.vhd(62)
Info (10041): Inferred latch for "guarda_PESO_BRUTO[8]" at centro_recebimento_graos.vhd(62)
Info (10041): Inferred latch for "guarda_PESO_BRUTO[9]" at centro_recebimento_graos.vhd(62)
Info (10041): Inferred latch for "guarda_PESO_BRUTO[10]" at centro_recebimento_graos.vhd(62)
Info (10041): Inferred latch for "guarda_PESO_BRUTO[11]" at centro_recebimento_graos.vhd(62)
Info (10041): Inferred latch for "guarda_PESO_BRUTO[12]" at centro_recebimento_graos.vhd(62)
Info (10041): Inferred latch for "guarda_PESO_BRUTO[13]" at centro_recebimento_graos.vhd(62)
Info (10041): Inferred latch for "guarda_PESO_BRUTO[14]" at centro_recebimento_graos.vhd(62)
Info (10041): Inferred latch for "guarda_PESO_BRUTO[15]" at centro_recebimento_graos.vhd(62)
Info (10041): Inferred latch for "guarda_PESO_BRUTO[16]" at centro_recebimento_graos.vhd(62)
Info (10041): Inferred latch for "guarda_PESO_BRUTO[17]" at centro_recebimento_graos.vhd(62)
Info (10041): Inferred latch for "guarda_PESO_BRUTO[18]" at centro_recebimento_graos.vhd(62)
Info (10041): Inferred latch for "guarda_PESO_BRUTO[19]" at centro_recebimento_graos.vhd(62)
Info (10041): Inferred latch for "guarda_PESO_BRUTO[20]" at centro_recebimento_graos.vhd(62)
Info (10041): Inferred latch for "guarda_PESO_BRUTO[21]" at centro_recebimento_graos.vhd(62)
Info (10041): Inferred latch for "guarda_PESO_BRUTO[22]" at centro_recebimento_graos.vhd(62)
Info (10041): Inferred latch for "guarda_PESO_BRUTO[23]" at centro_recebimento_graos.vhd(62)
Info (10041): Inferred latch for "guarda_PESO_BRUTO[24]" at centro_recebimento_graos.vhd(62)
Info (10041): Inferred latch for "guarda_PESO_BRUTO[25]" at centro_recebimento_graos.vhd(62)
Info (10041): Inferred latch for "guarda_PESO_BRUTO[26]" at centro_recebimento_graos.vhd(62)
Info (10041): Inferred latch for "guarda_PESO_BRUTO[27]" at centro_recebimento_graos.vhd(62)
Info (10041): Inferred latch for "guarda_PESO_BRUTO[28]" at centro_recebimento_graos.vhd(62)
Info (278001): Inferred 1 megafunctions from design logic
    Info (278003): Inferred multiplier megafunction ("lpm_mult") from the following logic: "Mult0"
Info (12130): Elaborated megafunction instantiation "lpm_mult:Mult0"
Info (12133): Instantiated megafunction "lpm_mult:Mult0" with the following parameter:
    Info (12134): Parameter "LPM_WIDTHA" = "29"
    Info (12134): Parameter "LPM_WIDTHB" = "3"
    Info (12134): Parameter "LPM_WIDTHP" = "32"
    Info (12134): Parameter "LPM_WIDTHR" = "32"
    Info (12134): Parameter "LPM_WIDTHS" = "1"
    Info (12134): Parameter "LPM_REPRESENTATION" = "UNSIGNED"
    Info (12134): Parameter "INPUT_A_IS_CONSTANT" = "NO"
    Info (12134): Parameter "INPUT_B_IS_CONSTANT" = "NO"
    Info (12134): Parameter "MAXIMIZE_SPEED" = "5"
Info (12131): Elaborated megafunction instantiation "lpm_mult:Mult0|multcore:mult_core", which is child of megafunction instantiation "lpm_mult:Mult0"
Info (12131): Elaborated megafunction instantiation "lpm_mult:Mult0|multcore:mult_core|mpar_add:padder", which is child of megafunction instantiation "lpm_mult:Mult0"
Info (12131): Elaborated megafunction instantiation "lpm_mult:Mult0|multcore:mult_core|mpar_add:padder|lpm_add_sub:adder[0]", which is child of megafunction instantiation "lpm_mult:Mult0"
Info (12021): Found 1 design units, including 1 entities, in source file db/add_sub_f8h.tdf
    Info (12023): Found entity 1: add_sub_f8h
Info (12131): Elaborated megafunction instantiation "lpm_mult:Mult0|multcore:mult_core|mpar_add:padder|mpar_add:sub_par_add", which is child of megafunction instantiation "lpm_mult:Mult0"
Info (12131): Elaborated megafunction instantiation "lpm_mult:Mult0|multcore:mult_core|mpar_add:padder|mpar_add:sub_par_add|lpm_add_sub:adder[0]", which is child of megafunction instantiation "lpm_mult:Mult0"
Info (12021): Found 1 design units, including 1 entities, in source file db/add_sub_g8h.tdf
    Info (12023): Found entity 1: add_sub_g8h
Info (12131): Elaborated megafunction instantiation "lpm_mult:Mult0|altshift:external_latency_ffs", which is child of megafunction instantiation "lpm_mult:Mult0"
Warning (13012): Latch VALOR_GRAO[0] has unsafe behavior
    Warning (13013): Ports D and ENA on the latch are fed by the same signal TIPO_GRAO[0]
Warning (13012): Latch VALOR_GRAO[1] has unsafe behavior
    Warning (13013): Ports D and ENA on the latch are fed by the same signal TIPO_GRAO[0]
Warning (13012): Latch VALOR_GRAO[2] has unsafe behavior
    Warning (13013): Ports D and ENA on the latch are fed by the same signal TIPO_GRAO[0]
Info (16010): Generating hard_block partition "hard_block:auto_generated_inst"
    Info (16011): Adding 0 node(s), including 0 DDIO, 0 PLL, 0 transceiver and 0 LCELL
Info (21057): Implemented 434 device resources after synthesis - the final resource count might be different
    Info (21058): Implemented 66 input pins
    Info (21059): Implemented 72 output pins
    Info (21061): Implemented 296 logic cells
Info: Quartus II 64-Bit Analysis & Synthesis was successful. 0 errors, 13 warnings
    Info: Peak virtual memory: 4658 megabytes
    Info: Processing ended: Fri Oct 30 17:22:48 2020
    Info: Elapsed time: 00:00:05
    Info: Total CPU time (on all processors): 00:00:03


